C51 COMPILER V7.20   KEY_PCB2660_002                                                       10/05/2015 09:30:07 PAGE 1   


C51 COMPILER V7.20, COMPILATION OF MODULE KEY_PCB2660_002
OBJECT MODULE PLACED IN .\Output\Key_PCB2660_002.obj
COMPILER INVOKED BY: C:\Keil\C51\BIN\C51.EXE Keys\Key_PCB2660_002.c LARGE OPTIMIZE(9,SPEED) BROWSE DEBUG OBJECTEXTEND PR
                    -INT(.\Output\Key_PCB2660_002.lst) OBJECT(.\Output\Key_PCB2660_002.obj)

line level    source

   1          #include "Core\Header\include.h"
   2          
   3          
   4          #if(_KEY_TYPE == _KT_PCB2660_002)
              
              
              
              
              //--------------------------------------------------
              // Description  : Get key status
              // Input Value  : None
              // Output Value : Return Key status
              //--------------------------------------------------
              BYTE CKeyScan(void)
              {
                  BYTE ucKeyState = _NONE_KEY_MASK;
              
              #if(_KEY_SCAN_TYPE == _KEY_SCAN_NORMAL)
              
                  if(!bKey_P54)   ucKeyState    = ucKeyState | _POWER_KEY_MASK;   //Power
                  if(!bKey_P56)   ucKeyState    = ucKeyState | _DOWN_KEY_MASK;    //Down
                  if(!bKey_P55)   ucKeyState    = ucKeyState | _UP_KEY_MASK;      //Up
                  if(!bKey_P57)   ucKeyState    = ucKeyState | _LEFT_KEY_MASK;    //Left
                  if(!bKey_P76)   ucKeyState    = ucKeyState | _RIGHT_KEY_MASK;   //Right
                  if(!bKey_P34)   ucKeyState    = ucKeyState | _SOURCE_KEY_MASK;  //Source
                  if(!bKey_P81)   ucKeyState    = ucKeyState | _MENU_KEY_MASK;    //Menu
              
              #else
              
                      CGetADCValue(&pData[0]);
                      CGetADCValue(&pData[3]);
              
                      if(_ABS(pData[0], pData[3]) < 3)
                      {
                          // AD key0
                          if     (_ABS(pData[0], bAD0_Key_0) < 3)  ucKeyState = _POWER_KEY_MASK;
                          else if(_ABS(pData[0], bAD0_Key_1) < 3)  ucKeyState = _POWER_KEY_MASK;
                          else if(_ABS(pData[0], bAD0_Key_2) < 3)  ucKeyState = _POWER_KEY_MASK;
                      }
                      
                  // AD key1
                  if(_ABS(pData[1], pData[4]) < 3)
                  {
                      if     (_ABS(pData[1], bAD1_Key_0) < 3)  ucKeyState = _POWER_KEY_MASK;
                      else if(_ABS(pData[1], bAD1_Key_1) < 3)  ucKeyState = _POWER_KEY_MASK;
                      else if(_ABS(pData[1], bAD1_Key_2) < 3)  ucKeyState = _POWER_KEY_MASK;
                  }
              
                  // AD key2
                  if(_ABS(pData[2], pData[5]) < 3)
                  {
                      if     (_ABS(pData[2], bAD2_Key_0) < 3)  ucKeyState = _POWER_KEY_MASK;
                      else if(_ABS(pData[2], bAD2_Key_1) < 3)  ucKeyState = _POWER_KEY_MASK;
                      else if(_ABS(pData[2], bAD2_Key_2) < 3)  ucKeyState = _POWER_KEY_MASK;
C51 COMPILER V7.20   KEY_PCB2660_002                                                       10/05/2015 09:30:07 PAGE 2   

                  }
              
              #endif
              
                  if(ucKeyState != _NONE_KEY_MASK)
                     CKeyInitial();
              
                  return ucKeyState;
              }
              //--------------------------------------------------
              /*
              void CScanAutoKey(void)
              {
                   if(GET_POWERSTATUS())
                   {
                       // check 3 sec do change source ???
                       #if(_TMDS_SUPPORT)
                       {
                           if(CheckKeyUp(_AUTO_KEY_MASK,50))
                              ucKeyMessage = _AUTO_KEY_MESSAGE;
                           else ucKeyMessage = _SOURCE_KEY_MESSAGE;
                       }
                       #else
                       {
                           CKeyMessageConvert(_AUTO_KEY_MASK, _AUTO_KEY_MESSAGE);
                       }
                       #endif
                   }
                   else
                   {
                       if(CheckKeyDown(_AUTO_KEY_MASK | _POWER_KEY_MASK,20))
                       {
                           SET_POWERSWITCH();
                           ucKeyMessage = _AUTO_POWER_KEY_MESSAGE;
                       }
                   }
              }
              */
              //--------------------------------------------------
              
              
              void CKeyMessageProc(void)
              {          
                  switch(ucKeyStateCurr)
                  {        
                      case _MENU_KEY_MASK:     //Menu
                          CKeyMessageConvert(_MENU_KEY_MASK, _MENU_KEY_MESSAGE);        
                          break;
                      
                      case _UP_KEY_MASK:           
                          CKeyMessageConvert(_UP_KEY_MASK, _UP_KEY_MESSAGE);
                          break;
                      
                      case _DOWN_KEY_MASK:     
                          CKeyMessageConvert(_DOWN_KEY_MASK, _DOWN_KEY_MESSAGE);
                          break;
                      case _LEFT_KEY_MASK:     //Left
                          CKeyMessageConvert(_LEFT_KEY_MASK, _LEFT_KEY_MESSAGE);
                          break;
                      case _RIGHT_KEY_MASK:    //Right
                          CKeyMessageConvert(_RIGHT_KEY_MASK, _RIGHT_KEY_MESSAGE);
                          break;                
C51 COMPILER V7.20   KEY_PCB2660_002                                                       10/05/2015 09:30:07 PAGE 3   

                      case _SOURCE_KEY_MASK:
                          CKeyMessageConvert(_SOURCE_KEY_MASK, _SOURCE_KEY_MESSAGE);
                          break;
                      
                      default:
                          CLR_KEYREPEATSTART();
                          CTimerCancelTimerEvent(CKeyRepeatEnableTimerEvent);
                          break;
                  }
              } 
              //--------------------------------------------------
                            
              #endif      //#if(_KEY_TYPE == _KT_PCB2660_002)


MODULE INFORMATION:   STATIC OVERLAYABLE
   CODE SIZE        =   ----    ----
   CONSTANT SIZE    =   ----    ----
   XDATA SIZE       =   ----    ----
   PDATA SIZE       =   ----    ----
   DATA SIZE        =   ----    ----
   IDATA SIZE       =   ----    ----
   BIT SIZE         =   ----    ----
END OF MODULE INFORMATION.


C51 COMPILATION COMPLETE.  0 WARNING(S),  0 ERROR(S)
